<?xml version="1.0" encoding="UTF-8"?>
<!-- Generated by org.testng.reporters.JUnitXMLReporter -->
<testsuite ignored="0" hostname="DESKTOP-2JBFBCA" failures="0" tests="7" name="Command line test" time="51.6" errors="0" timestamp="02 Nov 2022 18:30:35 GMT">
  <testcase classname="testCases.HomePageTest" name="verifyHomePageTitleTest" time="0.047"/>
  <testcase classname="testCases.LoginPageTest" name="loginPageTest" time="4.797"/>
  <testcase classname="testCases.SignUpPageTest" name="enterPersonalInfoTest" time="6.905"/>
  <testcase classname="testCases.HomePageTest" name="clickOnLoginBtnTest" time="0.21"/>
  <testcase classname="testCases.HomePageTest" name="verifyloginTextTest" time="2.12"/>
  <testcase classname="testCases.HomePageTest" name="clickOnSignBtnTest" time="0.286"/>
  <testcase classname="testCases.HomePageTest" name="verifySignUpPageTest" time="2.23"/>
</testsuite> <!-- Command line test -->
