<?xml version="1.0" encoding="UTF-8"?>
<!-- Generated by org.testng.reporters.JUnitXMLReporter -->
<testsuite ignored="0" hostname="DESKTOP-2JBFBCA" failures="0" tests="6" name="Free CRM App Test Cases" time="44.356" errors="0" timestamp="02 Nov 2022 15:18:47 GMT">
  <testcase classname="testCases.LoginPageTest" name="loginPageTest" time="5.233"/>
  <testcase classname="testCases.HomePageTest" name="verifyHomePageTitleTest" time="0.085"/>
  <testcase classname="testCases.HomePageTest" name="clickOnLoginBtnTest" time="0.241"/>
  <testcase classname="testCases.HomePageTest" name="verifyloginTextTest" time="3.034"/>
  <testcase classname="testCases.HomePageTest" name="clickOnSignBtnTest" time="0.29"/>
  <testcase classname="testCases.HomePageTest" name="verifySignUpPageTest" time="2.427"/>
</testsuite> <!-- Free CRM App Test Cases -->
