<?xml version="1.0" encoding="UTF-8"?>
<!-- Generated by org.testng.reporters.JUnitXMLReporter -->
<testsuite ignored="0" hostname="DESKTOP-2JBFBCA" failures="0" tests="5" name="Default test" time="28.536" errors="0" timestamp="2022-11-01T16:22:43 EDT">
  <testcase classname="testCases.HomePageTest" name="verifyHomePageTitleTest" time="0.032"/>
  <testcase classname="testCases.HomePageTest" name="clickOnLoginBtnTest" time="0.24"/>
  <testcase classname="testCases.HomePageTest" name="verifyloginTextTest" time="2.196"/>
  <testcase classname="testCases.HomePageTest" name="clickOnSignBtnTest" time="0.251"/>
  <testcase classname="testCases.HomePageTest" name="verifySignUpPageTest" time="2.116"/>
</testsuite> <!-- Default test -->
