<?xml version="1.0" encoding="UTF-8"?>
<testng-results ignored="0" total="6" passed="6" failed="0" skipped="0">
  <reporter-output>
  </reporter-output>
  <suite started-at="2022-11-02T15:18:03Z" name="FREE CRM Application Test Automation Test Suite" finished-at="2022-11-02T15:18:47Z" duration-ms="44356">
    <groups>
    </groups>
    <test started-at="2022-11-02T15:18:03Z" name="Free CRM App Test Cases" finished-at="2022-11-02T15:18:47Z" duration-ms="44356">
      <class name="testCases.LoginPageTest">
        <test-method is-config="true" signature="setUp()[pri:0, instance:testCases.LoginPageTest@71e9ddb4]" started-at="2022-11-02T11:18:03Z" name="setUp" finished-at="2022-11-02T11:18:08Z" duration-ms="5628" status="PASS">
          <reporter-output>
          </reporter-output>
        </test-method> <!-- setUp -->
        <test-method signature="loginPageTest()[pri:1, instance:testCases.LoginPageTest@71e9ddb4]" started-at="2022-11-02T11:18:08Z" name="loginPageTest" finished-at="2022-11-02T11:18:14Z" duration-ms="5233" status="PASS">
          <reporter-output>
          </reporter-output>
        </test-method> <!-- loginPageTest -->
        <test-method is-config="true" signature="tearDown()[pri:0, instance:testCases.LoginPageTest@71e9ddb4]" started-at="2022-11-02T11:18:14Z" name="tearDown" finished-at="2022-11-02T11:18:15Z" duration-ms="961" status="PASS">
          <reporter-output>
          </reporter-output>
        </test-method> <!-- tearDown -->
      </class> <!-- testCases.LoginPageTest -->
      <class name="testCases.HomePageTest">
        <test-method is-config="true" signature="setUp()[pri:0, instance:testCases.HomePageTest@394df057]" started-at="2022-11-02T11:18:15Z" name="setUp" finished-at="2022-11-02T11:18:19Z" duration-ms="4597" status="PASS">
          <reporter-output>
          </reporter-output>
        </test-method> <!-- setUp -->
        <test-method signature="verifyHomePageTitleTest()[pri:1, instance:testCases.HomePageTest@394df057]" started-at="2022-11-02T11:18:19Z" name="verifyHomePageTitleTest" finished-at="2022-11-02T11:18:19Z" duration-ms="85" status="PASS">
          <reporter-output>
          </reporter-output>
        </test-method> <!-- verifyHomePageTitleTest -->
        <test-method is-config="true" signature="tearDown()[pri:0, instance:testCases.HomePageTest@394df057]" started-at="2022-11-02T11:18:19Z" name="tearDown" finished-at="2022-11-02T11:18:20Z" duration-ms="1037" status="PASS">
          <reporter-output>
          </reporter-output>
        </test-method> <!-- tearDown -->
        <test-method is-config="true" signature="setUp()[pri:0, instance:testCases.HomePageTest@394df057]" started-at="2022-11-02T11:18:20Z" name="setUp" finished-at="2022-11-02T11:18:24Z" duration-ms="3810" status="PASS">
          <reporter-output>
          </reporter-output>
        </test-method> <!-- setUp -->
        <test-method signature="clickOnLoginBtnTest()[pri:2, instance:testCases.HomePageTest@394df057]" started-at="2022-11-02T11:18:24Z" name="clickOnLoginBtnTest" finished-at="2022-11-02T11:18:24Z" duration-ms="241" status="PASS">
          <reporter-output>
          </reporter-output>
        </test-method> <!-- clickOnLoginBtnTest -->
        <test-method is-config="true" signature="tearDown()[pri:0, instance:testCases.HomePageTest@394df057]" started-at="2022-11-02T11:18:24Z" name="tearDown" finished-at="2022-11-02T11:18:25Z" duration-ms="972" status="PASS">
          <reporter-output>
          </reporter-output>
        </test-method> <!-- tearDown -->
        <test-method is-config="true" signature="setUp()[pri:0, instance:testCases.HomePageTest@394df057]" started-at="2022-11-02T11:18:25Z" name="setUp" finished-at="2022-11-02T11:18:29Z" duration-ms="3999" status="PASS">
          <reporter-output>
          </reporter-output>
        </test-method> <!-- setUp -->
        <test-method signature="verifyloginTextTest()[pri:3, instance:testCases.HomePageTest@394df057]" started-at="2022-11-02T11:18:29Z" name="verifyloginTextTest" finished-at="2022-11-02T11:18:32Z" duration-ms="3034" status="PASS">
          <reporter-output>
          </reporter-output>
        </test-method> <!-- verifyloginTextTest -->
        <test-method is-config="true" signature="tearDown()[pri:0, instance:testCases.HomePageTest@394df057]" started-at="2022-11-02T11:18:32Z" name="tearDown" finished-at="2022-11-02T11:18:33Z" duration-ms="995" status="PASS">
          <reporter-output>
          </reporter-output>
        </test-method> <!-- tearDown -->
        <test-method is-config="true" signature="setUp()[pri:0, instance:testCases.HomePageTest@394df057]" started-at="2022-11-02T11:18:33Z" name="setUp" finished-at="2022-11-02T11:18:38Z" duration-ms="4471" status="PASS">
          <reporter-output>
          </reporter-output>
        </test-method> <!-- setUp -->
        <test-method signature="clickOnSignBtnTest()[pri:4, instance:testCases.HomePageTest@394df057]" started-at="2022-11-02T11:18:38Z" name="clickOnSignBtnTest" finished-at="2022-11-02T11:18:38Z" duration-ms="290" status="PASS">
          <reporter-output>
          </reporter-output>
        </test-method> <!-- clickOnSignBtnTest -->
        <test-method is-config="true" signature="tearDown()[pri:0, instance:testCases.HomePageTest@394df057]" started-at="2022-11-02T11:18:38Z" name="tearDown" finished-at="2022-11-02T11:18:39Z" duration-ms="969" status="PASS">
          <reporter-output>
          </reporter-output>
        </test-method> <!-- tearDown -->
        <test-method is-config="true" signature="setUp()[pri:0, instance:testCases.HomePageTest@394df057]" started-at="2022-11-02T11:18:39Z" name="setUp" finished-at="2022-11-02T11:18:44Z" duration-ms="4598" status="PASS">
          <reporter-output>
          </reporter-output>
        </test-method> <!-- setUp -->
        <test-method signature="verifySignUpPageTest()[pri:5, instance:testCases.HomePageTest@394df057]" started-at="2022-11-02T11:18:44Z" name="verifySignUpPageTest" finished-at="2022-11-02T11:18:46Z" duration-ms="2427" status="PASS">
          <reporter-output>
          </reporter-output>
        </test-method> <!-- verifySignUpPageTest -->
        <test-method is-config="true" signature="tearDown()[pri:0, instance:testCases.HomePageTest@394df057]" started-at="2022-11-02T11:18:46Z" name="tearDown" finished-at="2022-11-02T11:18:47Z" duration-ms="946" status="PASS">
          <reporter-output>
          </reporter-output>
        </test-method> <!-- tearDown -->
      </class> <!-- testCases.HomePageTest -->
    </test> <!-- Free CRM App Test Cases -->
  </suite> <!-- FREE CRM Application Test Automation Test Suite -->
</testng-results>
