<?xml version="1.0" encoding="UTF-8"?>
<testng-results ignored="0" total="1" passed="1" failed="0" skipped="0">
  <reporter-output>
  </reporter-output>
  <suite started-at="2022-11-02T18:27:38Z" name="Default suite" finished-at="2022-11-02T18:27:51Z" duration-ms="12479">
    <groups>
    </groups>
    <test started-at="2022-11-02T18:27:38Z" name="Default test" finished-at="2022-11-02T18:27:51Z" duration-ms="12479">
      <class name="testCases.LoginPageTest">
        <test-method is-config="true" signature="setUp()[pri:0, instance:testCases.LoginPageTest@27adc16e]" started-at="2022-11-02T14:27:38Z" name="setUp" finished-at="2022-11-02T14:27:44Z" duration-ms="5627" status="PASS">
          <reporter-output>
          </reporter-output>
        </test-method> <!-- setUp -->
        <test-method signature="loginPageTest()[pri:1, instance:testCases.LoginPageTest@27adc16e]" started-at="2022-11-02T14:27:44Z" name="loginPageTest" finished-at="2022-11-02T14:27:49Z" duration-ms="5268" status="PASS">
          <reporter-output>
          </reporter-output>
        </test-method> <!-- loginPageTest -->
        <test-method is-config="true" signature="tearDown()[pri:0, instance:testCases.LoginPageTest@27adc16e]" started-at="2022-11-02T14:27:49Z" name="tearDown" finished-at="2022-11-02T14:27:51Z" duration-ms="1556" status="PASS">
          <reporter-output>
          </reporter-output>
        </test-method> <!-- tearDown -->
      </class> <!-- testCases.LoginPageTest -->
    </test> <!-- Default test -->
  </suite> <!-- Default suite -->
</testng-results>
