<?xml version="1.0" encoding="UTF-8"?>
<testng-results ignored="0" total="7" passed="7" failed="0" skipped="0">
  <reporter-output>
  </reporter-output>
  <suite started-at="2022-11-02T18:29:44Z" name="Command line suite" finished-at="2022-11-02T18:30:35Z" duration-ms="51600">
    <groups>
    </groups>
    <test started-at="2022-11-02T18:29:44Z" name="Command line test" finished-at="2022-11-02T18:30:35Z" duration-ms="51600">
      <class name="testCases.LoginPageTest">
        <test-method is-config="true" signature="setUp()[pri:0, instance:testCases.LoginPageTest@13e39c73]" started-at="2022-11-02T14:29:51Z" name="setUp" finished-at="2022-11-02T14:29:56Z" duration-ms="5217" status="PASS">
          <reporter-output>
          </reporter-output>
        </test-method> <!-- setUp -->
        <test-method signature="loginPageTest()[pri:1, instance:testCases.LoginPageTest@13e39c73]" started-at="2022-11-02T14:29:56Z" name="loginPageTest" finished-at="2022-11-02T14:30:01Z" duration-ms="4797" status="PASS">
          <reporter-output>
          </reporter-output>
        </test-method> <!-- loginPageTest -->
        <test-method is-config="true" signature="tearDown()[pri:0, instance:testCases.LoginPageTest@13e39c73]" started-at="2022-11-02T14:30:01Z" name="tearDown" finished-at="2022-11-02T14:30:02Z" duration-ms="960" status="PASS">
          <reporter-output>
          </reporter-output>
        </test-method> <!-- tearDown -->
      </class> <!-- testCases.LoginPageTest -->
      <class name="testCases.SignUpPageTest">
        <test-method is-config="true" signature="setUp()[pri:0, instance:testCases.SignUpPageTest@64cd705f]" started-at="2022-11-02T14:30:02Z" name="setUp" finished-at="2022-11-02T14:30:05Z" duration-ms="3284" status="PASS">
          <reporter-output>
          </reporter-output>
        </test-method> <!-- setUp -->
        <test-method signature="enterPersonalInfoTest()[pri:1, instance:testCases.SignUpPageTest@64cd705f]" started-at="2022-11-02T14:30:05Z" name="enterPersonalInfoTest" finished-at="2022-11-02T14:30:12Z" duration-ms="6905" status="PASS">
          <reporter-output>
          </reporter-output>
        </test-method> <!-- enterPersonalInfoTest -->
        <test-method is-config="true" signature="tearDown()[pri:0, instance:testCases.SignUpPageTest@64cd705f]" started-at="2022-11-02T14:30:12Z" name="tearDown" finished-at="2022-11-02T14:30:13Z" duration-ms="942" status="PASS">
          <reporter-output>
          </reporter-output>
        </test-method> <!-- tearDown -->
      </class> <!-- testCases.SignUpPageTest -->
      <class name="testCases.HomePageTest">
        <test-method is-config="true" signature="setUp()[pri:0, instance:testCases.HomePageTest@a9cd3b1]" started-at="2022-11-02T14:29:44Z" name="setUp" finished-at="2022-11-02T14:29:50Z" duration-ms="5762" status="PASS">
          <reporter-output>
          </reporter-output>
        </test-method> <!-- setUp -->
        <test-method signature="verifyHomePageTitleTest()[pri:1, instance:testCases.HomePageTest@a9cd3b1]" started-at="2022-11-02T14:29:50Z" name="verifyHomePageTitleTest" finished-at="2022-11-02T14:29:50Z" duration-ms="47" status="PASS">
          <reporter-output>
          </reporter-output>
        </test-method> <!-- verifyHomePageTitleTest -->
        <test-method is-config="true" signature="tearDown()[pri:0, instance:testCases.HomePageTest@a9cd3b1]" started-at="2022-11-02T14:29:50Z" name="tearDown" finished-at="2022-11-02T14:29:51Z" duration-ms="988" status="PASS">
          <reporter-output>
          </reporter-output>
        </test-method> <!-- tearDown -->
        <test-method is-config="true" signature="setUp()[pri:0, instance:testCases.HomePageTest@a9cd3b1]" started-at="2022-11-02T14:30:13Z" name="setUp" finished-at="2022-11-02T14:30:16Z" duration-ms="3315" status="PASS">
          <reporter-output>
          </reporter-output>
        </test-method> <!-- setUp -->
        <test-method signature="clickOnLoginBtnTest()[pri:2, instance:testCases.HomePageTest@a9cd3b1]" started-at="2022-11-02T14:30:16Z" name="clickOnLoginBtnTest" finished-at="2022-11-02T14:30:16Z" duration-ms="210" status="PASS">
          <reporter-output>
          </reporter-output>
        </test-method> <!-- clickOnLoginBtnTest -->
        <test-method is-config="true" signature="tearDown()[pri:0, instance:testCases.HomePageTest@a9cd3b1]" started-at="2022-11-02T14:30:16Z" name="tearDown" finished-at="2022-11-02T14:30:17Z" duration-ms="1022" status="PASS">
          <reporter-output>
          </reporter-output>
        </test-method> <!-- tearDown -->
        <test-method is-config="true" signature="setUp()[pri:0, instance:testCases.HomePageTest@a9cd3b1]" started-at="2022-11-02T14:30:17Z" name="setUp" finished-at="2022-11-02T14:30:21Z" duration-ms="3216" status="PASS">
          <reporter-output>
          </reporter-output>
        </test-method> <!-- setUp -->
        <test-method signature="verifyloginTextTest()[pri:3, instance:testCases.HomePageTest@a9cd3b1]" started-at="2022-11-02T14:30:21Z" name="verifyloginTextTest" finished-at="2022-11-02T14:30:23Z" duration-ms="2120" status="PASS">
          <reporter-output>
          </reporter-output>
        </test-method> <!-- verifyloginTextTest -->
        <test-method is-config="true" signature="tearDown()[pri:0, instance:testCases.HomePageTest@a9cd3b1]" started-at="2022-11-02T14:30:23Z" name="tearDown" finished-at="2022-11-02T14:30:24Z" duration-ms="961" status="PASS">
          <reporter-output>
          </reporter-output>
        </test-method> <!-- tearDown -->
        <test-method is-config="true" signature="setUp()[pri:0, instance:testCases.HomePageTest@a9cd3b1]" started-at="2022-11-02T14:30:24Z" name="setUp" finished-at="2022-11-02T14:30:27Z" duration-ms="3423" status="PASS">
          <reporter-output>
          </reporter-output>
        </test-method> <!-- setUp -->
        <test-method signature="clickOnSignBtnTest()[pri:4, instance:testCases.HomePageTest@a9cd3b1]" started-at="2022-11-02T14:30:27Z" name="clickOnSignBtnTest" finished-at="2022-11-02T14:30:27Z" duration-ms="286" status="PASS">
          <reporter-output>
          </reporter-output>
        </test-method> <!-- clickOnSignBtnTest -->
        <test-method is-config="true" signature="tearDown()[pri:0, instance:testCases.HomePageTest@a9cd3b1]" started-at="2022-11-02T14:30:27Z" name="tearDown" finished-at="2022-11-02T14:30:28Z" duration-ms="1010" status="PASS">
          <reporter-output>
          </reporter-output>
        </test-method> <!-- tearDown -->
        <test-method is-config="true" signature="setUp()[pri:0, instance:testCases.HomePageTest@a9cd3b1]" started-at="2022-11-02T14:30:28Z" name="setUp" finished-at="2022-11-02T14:30:32Z" duration-ms="3880" status="PASS">
          <reporter-output>
          </reporter-output>
        </test-method> <!-- setUp -->
        <test-method signature="verifySignUpPageTest()[pri:5, instance:testCases.HomePageTest@a9cd3b1]" started-at="2022-11-02T14:30:32Z" name="verifySignUpPageTest" finished-at="2022-11-02T14:30:34Z" duration-ms="2230" status="PASS">
          <reporter-output>
          </reporter-output>
        </test-method> <!-- verifySignUpPageTest -->
        <test-method is-config="true" signature="tearDown()[pri:0, instance:testCases.HomePageTest@a9cd3b1]" started-at="2022-11-02T14:30:34Z" name="tearDown" finished-at="2022-11-02T14:30:35Z" duration-ms="977" status="PASS">
          <reporter-output>
          </reporter-output>
        </test-method> <!-- tearDown -->
      </class> <!-- testCases.HomePageTest -->
    </test> <!-- Command line test -->
  </suite> <!-- Command line suite -->
</testng-results>
