<?xml version="1.0" encoding="UTF-8" ?>
<testsuite tests="7" failures="0" name="TestSuite" time="16.595" errors="0" skipped="0">
  <properties>
[...]
</properties>
  <testcase classname="testCases.HomePageTest" name="verifyHomePageTitleTest" time="0.049"/>
  <testcase classname="testCases.LoginPageTest" name="loginPageTest" time="4.798"/>
  <testcase classname="testCases.SignUpPageTest" name="enterPersonalInfoTest" time="6.905"/>
  <testcase classname="testCases.HomePageTest" name="clickOnLoginBtnTest" time="0.209"/>
  <testcase classname="testCases.HomePageTest" name="verifyloginTextTest" time="2.12"/>
  <testcase classname="testCases.HomePageTest" name="clickOnSignBtnTest" time="0.286"/>
  <testcase classname="testCases.HomePageTest" name="verifySignUpPageTest" time="2.228"/>
</testsuite>